<?xml version="1.0" encoding="UTF-8"?>
<!-- Generated by org.testng.reporters.JUnitReportReporter -->
<testsuite hostname="LAPTOP-KFM2KDI1" failures="0" tests="2" name="assignments.SoftassertAssignment2" time="12.225" errors="0" timestamp="2022-10-06T00:32:16 IST" skipped="0">
  <testcase classname="assignments.SoftassertAssignment2" name="verify_textfeild" time="4.555"/>
  <system-out/>
  <testcase classname="assignments.SoftassertAssignment2" name="verify_text" time="7.670"/>
  <system-out/>
</testsuite> <!-- assignments.SoftassertAssignment2 -->
