<?xml version="1.0" encoding="UTF-8"?>
<!-- Generated by org.testng.reporters.JUnitReportReporter -->
<testsuite hostname="LAPTOP-KFM2KDI1" failures="0" tests="1" name="assignments.SoftassertAssignment3" time="7.802" errors="0" timestamp="2022-10-06T01:00:41 IST" skipped="0">
  <testcase classname="assignments.SoftassertAssignment3" name="verify_alerttext_and_button" time="7.802"/>
  <system-out/>
</testsuite> <!-- assignments.SoftassertAssignment3 -->
