<?xml version="1.0" encoding="UTF-8"?>
<!-- Generated by org.testng.reporters.JUnitReportReporter -->
<testsuite hostname="LAPTOP-KFM2KDI1" failures="0" tests="2" name="testngbasic.SwitchToWindowExample" time="17.916" errors="0" timestamp="2022-10-09T12:01:36 IST" skipped="0">
  <testcase classname="testngbasic.SwitchToWindowExample" name="testcase2" time="8.626"/>
  <system-out/>
  <testcase classname="testngbasic.SwitchToWindowExample" name="testcase1" time="9.290"/>
  <system-out/>
</testsuite> <!-- testngbasic.SwitchToWindowExample -->
