<?xml version="1.0" encoding="UTF-8"?>
<!-- Generated by org.testng.reporters.JUnitReportReporter -->
<testsuite hostname="LAPTOP-KFM2KDI1" failures="0" tests="1" name="assignments.TestcaseAssignment2" time="9.273" errors="0" timestamp="2022-10-05T23:28:37 IST" skipped="0">
  <testcase classname="assignments.TestcaseAssignment2" name="verify_table" time="9.273"/>
  <system-out/>
</testsuite> <!-- assignments.TestcaseAssignment2 -->
