<?xml version="1.0" encoding="UTF-8"?>
<!-- Generated by org.testng.reporters.JUnitReportReporter -->
<testsuite hostname="LAPTOP-KFM2KDI1" failures="0" tests="1" name="testngbasic.FramedExample" time="7.295" errors="0" timestamp="2022-10-05T08:58:24 IST" skipped="0">
  <testcase classname="testngbasic.FramedExample" name="testcase1" time="7.295"/>
  <system-out/>
</testsuite> <!-- testngbasic.FramedExample -->
