<?xml version="1.0" encoding="UTF-8"?>
<!-- Generated by org.testng.reporters.JUnitReportReporter -->
<testsuite hostname="LAPTOP-KFM2KDI1" failures="0" tests="3" name="assignments.TestcasesAssignment" time="18.180" errors="0" timestamp="2022-10-05T21:42:36 IST" skipped="0">
  <testcase classname="assignments.TestcasesAssignment" name="verify_text" time="6.761"/>
  <system-out/>
  <testcase classname="assignments.TestcasesAssignment" name="verify_tooltip" time="5.469"/>
  <system-out/>
  <testcase classname="assignments.TestcasesAssignment" name="verify_background_colour" time="5.950"/>
  <system-out/>
</testsuite> <!-- assignments.TestcasesAssignment -->
