<?xml version="1.0" encoding="UTF-8"?>
<!-- Generated by org.testng.reporters.JUnitReportReporter -->
<testsuite hostname="LAPTOP-KFM2KDI1" failures="0" tests="1" name="assignments.AmazonSwitchToAssignment" time="29.183" errors="0" timestamp="2022-10-09T12:30:27 IST" skipped="0">
  <testcase classname="assignments.AmazonSwitchToAssignment" name="testcase" time="29.183"/>
  <system-out/>
</testsuite> <!-- assignments.AmazonSwitchToAssignment -->
