<?xml version="1.0" encoding="UTF-8"?>
<!-- Generated by org.testng.reporters.JUnitReportReporter -->
<testsuite hostname="LAPTOP-KFM2KDI1" failures="0" tests="1" name="assignments.TestcaseAssignment1" time="7.697" errors="0" timestamp="2022-10-09T12:32:53 IST" skipped="0">
  <testcase classname="assignments.TestcaseAssignment1" name="verify_checkbox" time="7.697"/>
  <system-out/>
</testsuite> <!-- assignments.TestcaseAssignment1 -->
