<?xml version="1.0" encoding="UTF-8"?>
<!-- Generated by org.testng.reporters.JUnitReportReporter -->
<testsuite hostname="LAPTOP-KFM2KDI1" failures="0" tests="2" name="assignments.SoftAssertAssignment1" time="15.158" errors="0" timestamp="2022-10-16T22:37:41 IST" skipped="0">
  <testcase classname="assignments.SoftAssertAssignment1" name="verify_checkbox_text" time="10.170"/>
  <system-out/>
  <testcase classname="assignments.SoftAssertAssignment1" name="verify_checkbox_selected" time="4.988"/>
  <system-out/>
</testsuite> <!-- assignments.SoftAssertAssignment1 -->
