<?xml version="1.0" encoding="UTF-8"?>
<!-- Generated by org.testng.reporters.JUnitReportReporter -->
<testsuite hostname="LAPTOP-KFM2KDI1" failures="0" tests="3" name="testngbasic.TestNgDemo" time="0.050" errors="0" timestamp="2022-10-03T08:39:14 IST" skipped="0">
  <testcase classname="testngbasic.TestNgDemo" name="testcas2" time="0.020"/>
  <system-out/>
  <testcase classname="testngbasic.TestNgDemo" name="testcase1" time="0.013"/>
  <system-out/>
  <testcase classname="testngbasic.TestNgDemo" name="testcase3" time="0.017"/>
  <system-out/>
</testsuite> <!-- testngbasic.TestNgDemo -->
