<?xml version="1.0" encoding="UTF-8"?>
<!-- Generated by org.testng.reporters.JUnitReportReporter -->
<testsuite hostname="LAPTOP-KFM2KDI1" failures="0" tests="3" name="testngbasic.BsicTestNg" time="12.707" errors="0" timestamp="2022-10-04T08:31:42 IST" skipped="1">
  <testcase classname="testngbasic.BsicTestNg" name="verify_logo" time="8.300"/>
  <system-out/>
  <testcase classname="testngbasic.BsicTestNg" name="verifyTitle" time="4.407"/>
  <system-out/>
  <testcase classname="testngbasic.BsicTestNg" name="verifyCurrentUrl">
    <skipped/>
  </testcase> <!-- verifyCurrentUrl -->
  <system-out/>
</testsuite> <!-- testngbasic.BsicTestNg -->
