<?xml version="1.0" encoding="UTF-8"?>
<!-- Generated by org.testng.reporters.JUnitReportReporter -->
<testsuite hostname="LAPTOP-KFM2KDI1" failures="0" tests="1" name="assignments.Assignment1" time="8.819" errors="0" timestamp="2022-10-05T07:38:52 IST" skipped="0">
  <testcase classname="assignments.Assignment1" name="verify_background_colour" time="8.819"/>
  <system-out/>
</testsuite> <!-- assignments.Assignment1 -->
