<?xml version="1.0" encoding="UTF-8"?>
<!-- Generated by org.testng.reporters.JUnitReportReporter -->
<testsuite hostname="LAPTOP-KFM2KDI1" failures="0" tests="1" name="assignments.SwitchToAssignment" time="12.143" errors="0" timestamp="2022-10-06T23:10:25 IST" skipped="0">
  <testcase classname="assignments.SwitchToAssignment" name="testcase" time="12.143"/>
  <system-out/>
</testsuite> <!-- assignments.SwitchToAssignment -->
